<?xml version="1.0" encoding="UTF-8"?>
<!-- Generated by org.testng.reporters.JUnitReportReporter -->
<testsuite hostname="CJ" failures="0" tests="1" name="testNG.Script_1" time="0.015" errors="0" timestamp="2024-10-05T10:37:37 IST" skipped="0">
  <testcase classname="testNG.Script_1" name="test1" time="0.015">
    <system-out>
      <![CDATA[hello]]>
    </system-out>
  </testcase> <!-- test1 -->
  <system-out>
    <![CDATA[hello]]>
  </system-out>
</testsuite> <!-- testNG.Script_1 -->
