<?xml version="1.0" encoding="UTF-8"?>
<!-- Generated by org.testng.reporters.JUnitReportReporter -->
<testsuite hostname="CJ" failures="0" tests="3" name="testNG.Script_2" time="0.023" errors="0" timestamp="2024-10-05T10:47:32 IST" skipped="0">
  <testcase classname="testNG.Script_2" name="DeleteAccount" time="0.014">
    <system-out>
      <![CDATA[Delete Account]]>
    </system-out>
  </testcase> <!-- DeleteAccount -->
  <testcase classname="testNG.Script_2" name="EditAccount" time="0.007">
    <system-out>
      <![CDATA[Edit Account]]>
    </system-out>
  </testcase> <!-- EditAccount -->
  <testcase classname="testNG.Script_2" name="createAccount" time="0.002">
    <system-out>
      <![CDATA[Create Account]]>
    </system-out>
  </testcase> <!-- createAccount -->
  <system-out>
    <![CDATA[Delete Account
Edit Account
Create Account]]>
  </system-out>
</testsuite> <!-- testNG.Script_2 -->
