<?xml version="1.0" encoding="UTF-8"?>
<!-- Generated by org.testng.reporters.JUnitReportReporter -->
<testsuite hostname="CJ" failures="0" tests="5" name="testNG.Script_6" time="0.025" errors="0" timestamp="2024-10-05T15:12:53 IST" skipped="0">
  <testcase classname="testNG.Script_6" name="test4" time="0.003"/>
  <testcase classname="testNG.Script_6" name="test1" time="0.002"/>
  <testcase classname="testNG.Script_6" name="test2" time="0.013"/>
  <testcase classname="testNG.Script_6" name="test3" time="0.002"/>
  <testcase classname="testNG.Script_6" name="test5" time="0.005"/>
</testsuite> <!-- testNG.Script_6 -->
