<?xml version="1.0" encoding="UTF-8"?>
<!-- Generated by org.testng.reporters.JUnitReportReporter -->
<testsuite hostname="CJ" failures="0" tests="5" name="testNG.Script_4" time="0.020" errors="0" timestamp="2024-10-05T15:06:23 IST" skipped="0">
  <testcase classname="testNG.Script_4" name="CreateAccount" time="0.010"/>
  <testcase classname="testNG.Script_4" name="CreateAccount" time="0.002"/>
  <testcase classname="testNG.Script_4" name="CreateAccount" time="0.003"/>
  <testcase classname="testNG.Script_4" name="CreateAccount" time="0.002"/>
  <testcase classname="testNG.Script_4" name="CreateAccount" time="0.003"/>
</testsuite> <!-- testNG.Script_4 -->
