<?xml version="1.0" encoding="UTF-8"?>
<!-- Generated by org.testng.reporters.JUnitReportReporter -->
<testsuite hostname="CJ" failures="0" tests="2" name="testNG.Script_5" time="0.031" errors="0" timestamp="2024-12-10T15:33:20 IST" skipped="0">
  <testcase classname="testNG.Script_5" name="Contact" time="0.028"/>
  <testcase classname="testNG.Script_5" name="Chat" time="0.003"/>
</testsuite> <!-- testNG.Script_5 -->
